#
# There is insufficient memory for the Java Runtime Environment to continue.
# Native memory allocation (malloc) failed to allocate 1544976 bytes for Chunk::new
# Possible reasons:
#   The system is out of physical RAM or swap space
#   The process is running with CompressedOops enabled, and the Java Heap may be blocking the growth of the native heap
# Possible solutions:
#   Reduce memory load on the system
#   Increase physical memory or swap space
#   Check if swap backing store is full
#   Decrease Java heap size (-Xmx/-Xms)
#   Decrease number of Java threads
#   Decrease Java thread stack sizes (-Xss)
#   Set larger code cache with -XX:ReservedCodeCacheSize=
#   JVM is running with Unscaled Compressed Oops mode in which the Java heap is
#     placed in the first 4GB address space. The Java Heap base address is the
#     maximum limit for the native heap growth. Please use -XX:HeapBaseMinAddress
#     to set the Java Heap base and to place the Java Heap above 4GB virtual address.
# This output file may be truncated or incomplete.
#
#  Out of Memory Error (./src/hotspot/share/memory/arena.cpp:197), pid=3400, tid=3924
#
# JRE version: OpenJDK Runtime Environment (11.0.8+10) (build 11.0.8+10-b944.6842174)
# Java VM: OpenJDK 64-Bit Server VM (11.0.8+10-b944.6842174, mixed mode, tiered, compressed oops, serial gc, windows-amd64)
# No core dump will be written. Minidumps are not enabled by default on client versions of Windows
#

---------------  S U M M A R Y ------------

Command Line: --add-opens=java.base/java.util=ALL-UNNAMED --add-opens=java.base/java.lang=ALL-UNNAMED --add-opens=java.base/java.lang.invoke=ALL-UNNAMED --add-opens=java.prefs/java.util.prefs=ALL-UNNAMED -Xmx2048m -Dfile.encoding=UTF-8 -Duser.country=IN -Duser.language=en -Duser.variant org.gradle.launcher.daemon.bootstrap.GradleDaemon 6.7.1

Host: AMD Sempron(tm) 145 Processor, 1 cores, 3G,  Windows 7 , 64 bit Build 7601 (6.1.7601.17514)
Time: Tue Jun  1 06:15:32 2021 India Standard Time elapsed time: 8510 seconds (0d 2h 21m 50s)

---------------  T H R E A D  ---------------

Current thread (0x0000000055f60800):  JavaThread "C2 CompilerThread0" daemon [_thread_in_native, id=3924, stack(0x0000000056920000,0x0000000056a20000)]


Current CompileTask:
C2:8510667 29705       4       org.gradle.api.internal.artifacts.ivyservice.resolveengine.artifact.ResolvedArtifactsGraphVisitor::getArtifacts (197 bytes)

Stack: [0x0000000056920000,0x0000000056a20000]
Native frames: (J=compiled Java code, j=interpreted, Vv=VM code, C=native code)
V  [jvm.dll+0x5de50a]
V  [jvm.dll+0x7122f5]
V  [jvm.dll+0x71384d]
V  [jvm.dll+0x713f03]
V  [jvm.dll+0x23e728]
V  [jvm.dll+0xb899c]
V  [jvm.dll+0xb8e9c]
V  [jvm.dll+0x35024d]
V  [jvm.dll+0x31dea3]
V  [jvm.dll+0x31d39a]
V  [jvm.dll+0x1f7702]
V  [jvm.dll+0x1f68d4]
V  [jvm.dll+0x17f32c]
V  [jvm.dll+0x205047]
V  [jvm.dll+0x203891]
V  [jvm.dll+0x6dad3f]
V  [jvm.dll+0x6d3895]
V  [jvm.dll+0x5dd4a6]
C  [ucrtbase.DLL+0x682dd]
C  [kernel32.dll+0x1652d]
C  [ntdll.dll+0x2c521]


---------------  P R O C E S S  ---------------

Threads class SMR info:
_java_thread_list=0x000000005e71a5d0, length=146, elements={
0x00000000001ef800, 0x0000000055f44000, 0x0000000055f45800, 0x0000000055f55000,
0x0000000055f56800, 0x0000000055f60800, 0x0000000055eff000, 0x0000000055fc3000,
0x0000000056e42800, 0x00000000560fd800, 0x0000000057fda800, 0x0000000056005000,
0x0000000058cb3000, 0x0000000058cff000, 0x0000000058cff800, 0x0000000058d00800,
0x0000000058d04800, 0x0000000058d06800, 0x000000005dde5800, 0x000000005dde7000,
0x000000005e683000, 0x000000005dde2000, 0x000000005dde0800, 0x000000006b22c800,
0x0000000068791800, 0x000000006243d000, 0x0000000062441000, 0x0000000062252800,
0x0000000058d0b000, 0x000000005dde6000, 0x000000005e681000, 0x000000005e68a800,
0x000000005e686800, 0x000000005e685800, 0x000000005e682800, 0x000000005e681800,
0x000000005e68b800, 0x000000005e68c000, 0x000000005e68e000, 0x000000005e688000,
0x000000005e687800, 0x000000005e684000, 0x000000005e68a000, 0x000000005e68d000,
0x000000005e689000, 0x000000005e685000, 0x000000005e68f800, 0x000000005e68e800,
0x0000000068790800, 0x000000006878c800, 0x0000000068796800, 0x0000000068795800,
0x0000000068795000, 0x0000000068793000, 0x0000000068792800, 0x0000000068794000,
0x0000000068787800, 0x0000000068788800, 0x0000000068789800, 0x000000006878a000,
0x000000006878b000, 0x000000006878c000, 0x000000006878d800, 0x000000006878f000,
0x000000006878e000, 0x0000000068790000, 0x000000006b225000, 0x000000006b231800,
0x000000006b22f000, 0x000000006b226800, 0x000000006b227800, 0x000000006b22e000,
0x000000006b22d800, 0x000000006b232000, 0x000000006b230800, 0x000000006b22f800,
0x000000006b223800, 0x000000006b224800, 0x000000006b229000, 0x000000006b22a000,
0x000000006b22b000, 0x000000006b22b800, 0x000000006b226000, 0x000000006b228800,
0x0000000062249800, 0x000000006224a000, 0x000000006224b000, 0x000000006224c000,
0x000000006224c800, 0x000000006224d800, 0x000000006224e000, 0x000000006224f000,
0x0000000062250000, 0x0000000062253000, 0x0000000062254000, 0x0000000062255000,
0x0000000062250800, 0x0000000062251800, 0x0000000062246000, 0x0000000062247000,
0x0000000062247800, 0x0000000062248800, 0x000000006243d800, 0x000000006243c000,
0x0000000062440000, 0x000000006243f800, 0x000000006243e800, 0x0000000062439800,
0x0000000062439000, 0x0000000062438000, 0x0000000062437000, 0x0000000062436800,
0x0000000062435800, 0x0000000062434800, 0x0000000062434000, 0x0000000062433000,
0x0000000062432800, 0x000000006243a800, 0x000000006243b800, 0x000000005dde3000,
0x000000005dde1000, 0x000000005dde3800, 0x000000005dde4800, 0x000000005dddc800,
0x000000005dddb800, 0x000000005ddda800, 0x000000005ddda000, 0x000000005ddd9000,
0x000000005ddde000, 0x000000005dddd000, 0x000000005dddf000, 0x000000005ddd8800,
0x0000000058d03000, 0x0000000058d08000, 0x0000000058d01800, 0x0000000058d02000,
0x0000000058d08800, 0x0000000058d05800, 0x0000000058d09800, 0x0000000058d0a800,
0x0000000058d0d000, 0x0000000058d04000, 0x0000000058d0c000, 0x0000000058d0d800,
0x000000006b058800, 0x000000006b059800
}

Java Threads: ( => current thread )
  0x00000000001ef800 JavaThread "main" [_thread_blocked, id=3936, stack(0x00000000020f0000,0x00000000021f0000)]
  0x0000000055f44000 JavaThread "Reference Handler" daemon [_thread_blocked, id=3940, stack(0x0000000056390000,0x0000000056490000)]
  0x0000000055f45800 JavaThread "Finalizer" daemon [_thread_blocked, id=3912, stack(0x0000000056530000,0x0000000056630000)]
  0x0000000055f55000 JavaThread "Signal Dispatcher" daemon [_thread_blocked, id=3900, stack(0x00000000566b0000,0x00000000567b0000)]
  0x0000000055f56800 JavaThread "Attach Listener" daemon [_thread_blocked, id=3920, stack(0x0000000056820000,0x0000000056920000)]
=>0x0000000055f60800 JavaThread "C2 CompilerThread0" daemon [_thread_in_native, id=3924, stack(0x0000000056920000,0x0000000056a20000)]
  0x0000000055eff000 JavaThread "C1 CompilerThread0" daemon [_thread_blocked, id=3904, stack(0x0000000056b00000,0x0000000056c00000)]
  0x0000000055fc3000 JavaThread "Sweeper thread" daemon [_thread_blocked, id=3888, stack(0x0000000056d40000,0x0000000056e40000)]
  0x0000000056e42800 JavaThread "Common-Cleaner" daemon [_thread_blocked, id=3980, stack(0x0000000056c40000,0x0000000056d40000)]
  0x00000000560fd800 JavaThread "Service Thread" daemon [_thread_blocked, id=3968, stack(0x0000000057280000,0x0000000057380000)]
  0x0000000057fda800 JavaThread "Daemon health stats" [_thread_blocked, id=3984, stack(0x00000000592f0000,0x00000000593f0000)]
  0x0000000056005000 JavaThread "Incoming local TCP Connector on port 49341" [_thread_in_native, id=3960, stack(0x00000000598b0000,0x00000000599b0000)]
  0x0000000058cb3000 JavaThread "Daemon periodic checks" [_thread_blocked, id=4084, stack(0x0000000059d60000,0x0000000059e60000)]
  0x0000000058cff000 JavaThread "Cache worker for file hash cache (C:\Users\Atul\.gradle\caches\6.7.1\fileHashes)" [_thread_blocked, id=4060, stack(0x000000005aa80000,0x000000005ab80000)]
  0x0000000058cff800 JavaThread "File lock request listener" [_thread_in_native, id=2420, stack(0x0000000059c40000,0x0000000059d40000)]
  0x0000000058d00800 JavaThread "Cache worker for journal cache (C:\Users\Atul\.gradle\caches\journal-1)" [_thread_blocked, id=3088, stack(0x000000005be40000,0x000000005bf40000)]
  0x0000000058d04800 JavaThread "Cache worker for execution history cache (C:\Users\Atul\.gradle\caches\6.7.1\executionHistory)" [_thread_blocked, id=3100, stack(0x000000005cc30000,0x000000005cd30000)]
  0x0000000058d06800 JavaThread "Cache worker for file content cache (C:\Users\Atul\.gradle\caches\6.7.1\fileContent)" [_thread_blocked, id=1948, stack(0x000000005d460000,0x000000005d560000)]
  0x000000005dde5800 JavaThread "Memory manager" [_thread_blocked, id=3880, stack(0x0000000068ab0000,0x0000000068bb0000)]
  0x000000005dde7000 JavaThread "pool-3-thread-1" [_thread_blocked, id=1184, stack(0x0000000069e60000,0x0000000069f60000)]
  0x000000005e683000 JavaThread "Java2D Disposer" daemon [_thread_blocked, id=3560, stack(0x0000000066dc0000,0x0000000066ec0000)]
  0x000000005dde2000 JavaThread "Cache worker for Java compile cache (C:\Users\Atul\.gradle\caches\6.7.1\javaCompile)" [_thread_blocked, id=696, stack(0x00000000600d0000,0x00000000601d0000)]
  0x000000005dde0800 JavaThread "ForkJoinPool.commonPool-worker-3" daemon [_thread_blocked, id=3932, stack(0x0000000063bb0000,0x0000000063cb0000)]
  0x000000006b22c800 JavaThread "pool-8-thread-1" [_thread_blocked, id=3176, stack(0x0000000070a70000,0x0000000070b70000)]
  0x0000000068791800 JavaThread "pool-13-thread-1" [_thread_blocked, id=2376, stack(0x0000000071630000,0x0000000071730000)]
  0x000000006243d000 JavaThread "pool-18-thread-1" [_thread_blocked, id=608, stack(0x0000000070e00000,0x0000000070f00000)]
  0x0000000062441000 JavaThread "pool-22-thread-1" [_thread_blocked, id=1188, stack(0x0000000071060000,0x0000000071160000)]
  0x0000000062252800 JavaThread "pool-25-thread-1" [_thread_blocked, id=1820, stack(0x0000000070b80000,0x0000000070c80000)]
  0x0000000058d0b000 JavaThread "pool-28-thread-1" [_thread_blocked, id=3852, stack(0x0000000072390000,0x0000000072490000)]
  0x000000005dde6000 JavaThread "pool-31-thread-1" [_thread_blocked, id=2464, stack(0x0000000072280000,0x0000000072380000)]
  0x000000005e681000 JavaThread "Daemon Thread 8" [_thread_blocked, id=4092, stack(0x000000005a330000,0x000000005a430000)]
  0x000000005e68a800 JavaThread "Handler for socket connection from /127.0.0.1:49341 to /127.0.0.1:50248" [_thread_in_native, id=3580, stack(0x0000000059160000,0x0000000059260000)]
  0x000000005e686800 JavaThread "Cancel handler" [_thread_blocked, id=2192, stack(0x000000005c3d0000,0x000000005c4d0000)]
  0x000000005e685800 JavaThread "Daemon worker Thread 7" [_thread_blocked, id=3392, stack(0x000000005a700000,0x000000005a800000)]
  0x000000005e682800 JavaThread "Asynchronous log dispatcher for DefaultDaemonConnection: socket connection from /127.0.0.1:49341 to /127.0.0.1:50248" [_thread_blocked, id=3016, stack(0x000000005c620000,0x000000005c720000)]
  0x000000005e681800 JavaThread "Stdin handler" [_thread_blocked, id=3408, stack(0x000000005cb30000,0x000000005cc30000)]
  0x000000005e68b800 JavaThread "Thread-842" [_thread_blocked, id=3152, stack(0x000000005d350000,0x000000005d450000)]
  0x000000005e68c000 JavaThread "Cache worker for file hash cache (C:\Users\Atul\AndroidStudioProjects\Myapp\.gradle\6.7.1\fileHashes)" [_thread_blocked, id=1660, stack(0x000000005edf0000,0x000000005eef0000)]
  0x000000005e68e000 JavaThread "Cache worker for checksums cache (C:\Users\Atul\AndroidStudioProjects\Myapp\.gradle\checksums)" [_thread_blocked, id=2396, stack(0x00000000597a0000,0x00000000598a0000)]
  0x000000005e688000 JavaThread "Cache worker for cache directory md-supplier (C:\Users\Atul\.gradle\caches\6.7.1\md-supplier)" [_thread_blocked, id=3576, stack(0x000000005fce0000,0x000000005fde0000)]
  0x000000005e687800 JavaThread "Cache worker for cache directory md-rule (C:\Users\Atul\.gradle\caches\6.7.1\md-rule)" [_thread_blocked, id=3368, stack(0x000000005c740000,0x000000005c840000)]
  0x000000005e684000 JavaThread "Cache worker for Build Output Cleanup Cache (C:\Users\Atul\AndroidStudioProjects\Myapp\.gradle\buildOutputCleanup)" [_thread_blocked, id=780, stack(0x0000000061a30000,0x0000000061b30000)]
  0x000000005e68a000 JavaThread "Build operations" [_thread_in_native, id=3444, stack(0x0000000060210000,0x0000000060310000)]
  0x000000005e68d000 JavaThread "jar transforms Thread 694" [_thread_blocked, id=2280, stack(0x000000005c4d0000,0x000000005c5d0000)]
  0x000000005e689000 JavaThread "jar transforms Thread 695" [_thread_blocked, id=2368, stack(0x0000000064560000,0x0000000064660000)]
  0x000000005e685000 JavaThread "jar transforms Thread 696" [_thread_blocked, id=1784, stack(0x0000000064730000,0x0000000064830000)]
  0x000000005e68f800 JavaThread "jar transforms Thread 697" [_thread_blocked, id=3812, stack(0x000000005eef0000,0x000000005eff0000)]
  0x000000005e68e800 JavaThread "jar transforms Thread 698" [_thread_blocked, id=1952, stack(0x00000000648e0000,0x00000000649e0000)]
  0x0000000068790800 JavaThread "jar transforms Thread 699" [_thread_blocked, id=3988, stack(0x0000000064a20000,0x0000000064b20000)]
  0x000000006878c800 JavaThread "jar transforms Thread 700" [_thread_blocked, id=2256, stack(0x0000000064bd0000,0x0000000064cd0000)]
  0x0000000068796800 JavaThread "jar transforms Thread 701" [_thread_blocked, id=2076, stack(0x0000000064db0000,0x0000000064eb0000)]
  0x0000000068795800 JavaThread "jar transforms Thread 702" [_thread_blocked, id=4052, stack(0x0000000064440000,0x0000000064540000)]
  0x0000000068795000 JavaThread "jar transforms Thread 703" [_thread_blocked, id=3872, stack(0x0000000064f10000,0x0000000065010000)]
  0x0000000068793000 JavaThread "jar transforms Thread 704" [_thread_blocked, id=492, stack(0x0000000065010000,0x0000000065110000)]
  0x0000000068792800 JavaThread "jar transforms Thread 705" [_thread_blocked, id=1668, stack(0x0000000065270000,0x0000000065370000)]
  0x0000000068794000 JavaThread "jar transforms Thread 706" [_thread_blocked, id=1144, stack(0x0000000065460000,0x0000000065560000)]
  0x0000000068787800 JavaThread "jar transforms Thread 707" [_thread_blocked, id=3540, stack(0x00000000655b0000,0x00000000656b0000)]
  0x0000000068788800 JavaThread "jar transforms Thread 708" [_thread_blocked, id=2736, stack(0x0000000065130000,0x0000000065230000)]
  0x0000000068789800 JavaThread "jar transforms Thread 709" [_thread_blocked, id=1516, stack(0x0000000065770000,0x0000000065870000)]
  0x000000006878a000 JavaThread "jar transforms Thread 710" [_thread_blocked, id=2896, stack(0x0000000065f80000,0x0000000066080000)]
  0x000000006878b000 JavaThread "jar transforms Thread 711" [_thread_blocked, id=4016, stack(0x0000000066100000,0x0000000066200000)]
  0x000000006878c000 JavaThread "jar transforms Thread 712" [_thread_blocked, id=3148, stack(0x00000000663a0000,0x00000000664a0000)]
  0x000000006878d800 JavaThread "jar transforms Thread 713" [_thread_blocked, id=1028, stack(0x00000000665d0000,0x00000000666d0000)]
  0x000000006878f000 JavaThread "jar transforms Thread 714" [_thread_blocked, id=2608, stack(0x0000000066250000,0x0000000066350000)]
  0x000000006878e000 JavaThread "jar transforms Thread 715" [_thread_blocked, id=1892, stack(0x00000000666e0000,0x00000000667e0000)]
  0x0000000068790000 JavaThread "jar transforms Thread 716" [_thread_blocked, id=2556, stack(0x0000000066850000,0x0000000066950000)]
  0x000000006b225000 JavaThread "jar transforms Thread 717" [_thread_blocked, id=2888, stack(0x0000000066a10000,0x0000000066b10000)]
  0x000000006b231800 JavaThread "jar transforms Thread 718" [_thread_blocked, id=2944, stack(0x0000000066bf0000,0x0000000066cf0000)]
  0x000000006b22f000 JavaThread "jar transforms Thread 719" [_thread_blocked, id=3472, stack(0x0000000066fc0000,0x00000000670c0000)]
  0x000000006b226800 JavaThread "jar transforms Thread 720" [_thread_blocked, id=2924, stack(0x0000000069bd0000,0x0000000069cd0000)]
  0x000000006b227800 JavaThread "jar transforms Thread 721" [_thread_blocked, id=812, stack(0x0000000067120000,0x0000000067220000)]
  0x000000006b22e000 JavaThread "jar transforms Thread 722" [_thread_blocked, id=3908, stack(0x00000000664d0000,0x00000000665d0000)]
  0x000000006b22d800 JavaThread "jar transforms Thread 723" [_thread_blocked, id=2204, stack(0x0000000069fe0000,0x000000006a0e0000)]
  0x000000006b232000 JavaThread "jar transforms Thread 724" [_thread_blocked, id=3752, stack(0x000000006b740000,0x000000006b840000)]
  0x000000006b230800 JavaThread "jar transforms Thread 725" [_thread_blocked, id=376, stack(0x0000000069cd0000,0x0000000069dd0000)]
  0x000000006b22f800 JavaThread "jar transforms Thread 726" [_thread_blocked, id=3684, stack(0x000000006b9e0000,0x000000006bae0000)]
  0x000000006b223800 JavaThread "jar transforms Thread 727" [_thread_blocked, id=2404, stack(0x000000006b890000,0x000000006b990000)]
  0x000000006b224800 JavaThread "jar transforms Thread 728" [_thread_blocked, id=2428, stack(0x000000006bba0000,0x000000006bca0000)]
  0x000000006b229000 JavaThread "jar transforms Thread 729" [_thread_blocked, id=3404, stack(0x000000006bd20000,0x000000006be20000)]
  0x000000006b22a000 JavaThread "jar transforms Thread 730" [_thread_blocked, id=3124, stack(0x000000006bed0000,0x000000006bfd0000)]
  0x000000006b22b000 JavaThread "jar transforms Thread 731" [_thread_blocked, id=3776, stack(0x000000006bfe0000,0x000000006c0e0000)]
  0x000000006b22b800 JavaThread "jar transforms Thread 732" [_thread_blocked, id=2548, stack(0x000000006c230000,0x000000006c330000)]
  0x000000006b226000 JavaThread "jar transforms Thread 733" [_thread_blocked, id=3440, stack(0x0000000066ec0000,0x0000000066fc0000)]
  0x000000006b228800 JavaThread "jar transforms Thread 734" [_thread_blocked, id=3428, stack(0x000000006c360000,0x000000006c460000)]
  0x0000000062249800 JavaThread "jar transforms Thread 735" [_thread_blocked, id=1460, stack(0x000000006c510000,0x000000006c610000)]
  0x000000006224a000 JavaThread "jar transforms Thread 736" [_thread_blocked, id=1168, stack(0x000000006c790000,0x000000006c890000)]
  0x000000006224b000 JavaThread "jar transforms Thread 737" [_thread_blocked, id=3048, stack(0x000000006c8f0000,0x000000006c9f0000)]
  0x000000006224c000 JavaThread "jar transforms Thread 738" [_thread_blocked, id=3524, stack(0x000000006c640000,0x000000006c740000)]
  0x000000006224c800 JavaThread "jar transforms Thread 739" [_thread_blocked, id=2648, stack(0x000000006caa0000,0x000000006cba0000)]
  0x000000006224d800 JavaThread "jar transforms Thread 740" [_thread_blocked, id=2148, stack(0x000000006cbd0000,0x000000006ccd0000)]
  0x000000006224e000 JavaThread "jar transforms Thread 741" [_thread_blocked, id=2320, stack(0x000000006ce50000,0x000000006cf50000)]
  0x000000006224f000 JavaThread "jar transforms Thread 742" [_thread_blocked, id=3612, stack(0x000000006cfc0000,0x000000006d0c0000)]
  0x0000000062250000 JavaThread "jar transforms Thread 743" [_thread_blocked, id=3568, stack(0x000000006d0c0000,0x000000006d1c0000)]
  0x0000000062253000 JavaThread "jar transforms Thread 744" [_thread_blocked, id=1312, stack(0x000000006ccd0000,0x000000006cdd0000)]
  0x0000000062254000 JavaThread "jar transforms Thread 745" [_thread_blocked, id=3220, stack(0x000000006d220000,0x000000006d320000)]
  0x0000000062255000 JavaThread "jar transforms Thread 746" [_thread_blocked, id=3276, stack(0x000000006d3b0000,0x000000006d4b0000)]
  0x0000000062250800 JavaThread "jar transforms Thread 747" [_thread_blocked, id=4012, stack(0x000000006d520000,0x000000006d620000)]
  0x0000000062251800 JavaThread "jar transforms Thread 748" [_thread_blocked, id=708, stack(0x000000006d680000,0x000000006d780000)]
  0x0000000062246000 JavaThread "jar transforms Thread 749" [_thread_blocked, id=3084, stack(0x000000006d7c0000,0x000000006d8c0000)]
  0x0000000062247000 JavaThread "jar transforms Thread 750" [_thread_blocked, id=3532, stack(0x000000006d920000,0x000000006da20000)]
  0x0000000062247800 JavaThread "jar transforms Thread 751" [_thread_blocked, id=3512, stack(0x000000006c130000,0x000000006c230000)]
  0x0000000062248800 JavaThread "jar transforms Thread 752" [_thread_blocked, id=2120, stack(0x000000006daa0000,0x000000006dba0000)]
  0x000000006243d800 JavaThread "jar transforms Thread 753" [_thread_blocked, id=2844, stack(0x000000006dce0000,0x000000006dde0000)]
  0x000000006243c000 JavaThread "jar transforms Thread 754" [_thread_blocked, id=3784, stack(0x000000006de80000,0x000000006df80000)]
  0x0000000062440000 JavaThread "jar transforms Thread 755" [_thread_blocked, id=3052, stack(0x000000006dbb0000,0x000000006dcb0000)]
  0x000000006243f800 JavaThread "jar transforms Thread 756" [_thread_blocked, id=3788, stack(0x000000006e0b0000,0x000000006e1b0000)]
  0x000000006243e800 JavaThread "jar transforms Thread 757" [_thread_blocked, id=3180, stack(0x000000006e210000,0x000000006e310000)]
  0x0000000062439800 JavaThread "jar transforms Thread 758" [_thread_blocked, id=3420, stack(0x000000006e440000,0x000000006e540000)]
  0x0000000062439000 JavaThread "jar transforms Thread 759" [_thread_blocked, id=1556, stack(0x000000006dfa0000,0x000000006e0a0000)]
  0x0000000062438000 JavaThread "jar transforms Thread 760" [_thread_blocked, id=2264, stack(0x000000006e6f0000,0x000000006e7f0000)]
  0x0000000062437000 JavaThread "jar transforms Thread 761" [_thread_blocked, id=2972, stack(0x000000006e5e0000,0x000000006e6e0000)]
  0x0000000062436800 JavaThread "jar transforms Thread 762" [_thread_blocked, id=2316, stack(0x000000006e9a0000,0x000000006eaa0000)]
  0x0000000062435800 JavaThread "jar transforms Thread 763" [_thread_blocked, id=1364, stack(0x000000006e330000,0x000000006e430000)]
  0x0000000062434800 JavaThread "jar transforms Thread 764" [_thread_blocked, id=648, stack(0x000000006eb10000,0x000000006ec10000)]
  0x0000000062434000 JavaThread "jar transforms Thread 765" [_thread_blocked, id=3716, stack(0x000000006e860000,0x000000006e960000)]
  0x0000000062433000 JavaThread "jar transforms Thread 766" [_thread_blocked, id=3772, stack(0x000000006ecf0000,0x000000006edf0000)]
  0x0000000062432800 JavaThread "jar transforms Thread 767" [_thread_blocked, id=2252, stack(0x000000006ef60000,0x000000006f060000)]
  0x000000006243a800 JavaThread "jar transforms Thread 768" [_thread_blocked, id=2768, stack(0x000000006f0a0000,0x000000006f1a0000)]
  0x000000006243b800 JavaThread "jar transforms Thread 769" [_thread_blocked, id=1124, stack(0x000000006f2c0000,0x000000006f3c0000)]
  0x000000005dde3000 JavaThread "jar transforms Thread 770" [_thread_blocked, id=3608, stack(0x000000006f3c0000,0x000000006f4c0000)]
  0x000000005dde1000 JavaThread "jar transforms Thread 771" [_thread_blocked, id=3004, stack(0x000000006f510000,0x000000006f610000)]
  0x000000005dde3800 JavaThread "jar transforms Thread 772" [_thread_blocked, id=920, stack(0x000000006f690000,0x000000006f790000)]
  0x000000005dde4800 JavaThread "jar transforms Thread 773" [_thread_blocked, id=3228, stack(0x000000006f8b0000,0x000000006f9b0000)]
  0x000000005dddc800 JavaThread "jar transforms Thread 774" [_thread_blocked, id=3800, stack(0x000000006ee10000,0x000000006ef10000)]
  0x000000005dddb800 JavaThread "jar transforms Thread 775" [_thread_blocked, id=1932, stack(0x000000006f9f0000,0x000000006faf0000)]
  0x000000005ddda800 JavaThread "jar transforms Thread 776" [_thread_blocked, id=3116, stack(0x000000006fb50000,0x000000006fc50000)]
  0x000000005ddda000 JavaThread "jar transforms Thread 777" [_thread_blocked, id=2856, stack(0x000000006fc50000,0x000000006fd50000)]
  0x000000005ddd9000 JavaThread "jar transforms Thread 778" [_thread_blocked, id=2836, stack(0x000000006fe80000,0x000000006ff80000)]
  0x000000005ddde000 JavaThread "jar transforms Thread 779" [_thread_blocked, id=1156, stack(0x000000006f7a0000,0x000000006f8a0000)]
  0x000000005dddd000 JavaThread "jar transforms Thread 780" [_thread_blocked, id=2784, stack(0x00000000700b0000,0x00000000701b0000)]
  0x000000005dddf000 JavaThread "jar transforms Thread 781" [_thread_blocked, id=3500, stack(0x000000006fd80000,0x000000006fe80000)]
  0x000000005ddd8800 JavaThread "jar transforms Thread 782" [_thread_blocked, id=1084, stack(0x0000000070280000,0x0000000070380000)]
  0x0000000058d03000 JavaThread "jar transforms Thread 783" [_thread_blocked, id=1464, stack(0x00000000703b0000,0x00000000704b0000)]
  0x0000000058d08000 JavaThread "jar transforms Thread 784" [_thread_blocked, id=1468, stack(0x000000006ffa0000,0x00000000700a0000)]
  0x0000000058d01800 JavaThread "jar transforms Thread 785" [_thread_blocked, id=2704, stack(0x00000000704d0000,0x00000000705d0000)]
  0x0000000058d02000 JavaThread "jar transforms Thread 786" [_thread_blocked, id=3456, stack(0x00000000706c0000,0x00000000707c0000)]
  0x0000000058d08800 JavaThread "jar transforms Thread 787" [_thread_blocked, id=2244, stack(0x000000006f1b0000,0x000000006f2b0000)]
  0x0000000058d05800 JavaThread "jar transforms Thread 788" [_thread_blocked, id=3688, stack(0x0000000070c80000,0x0000000070d80000)]
  0x0000000058d09800 JavaThread "jar transforms Thread 789" [_thread_blocked, id=3824, stack(0x0000000070880000,0x0000000070980000)]
  0x0000000058d0a800 JavaThread "jar transforms Thread 790" [_thread_blocked, id=2552, stack(0x00000000725b0000,0x00000000726b0000)]
  0x0000000058d0d000 JavaThread "jar transforms Thread 791" [_thread_blocked, id=4072, stack(0x0000000072710000,0x0000000072810000)]
  0x0000000058d04000 JavaThread "jar transforms Thread 792" [_thread_blocked, id=2860, stack(0x0000000070f60000,0x0000000071060000)]
  0x0000000058d0c000 JavaThread "build event listener" [_thread_blocked, id=2260, stack(0x00000000728e0000,0x00000000729e0000)]
  0x0000000058d0d800 JavaThread "pool-34-thread-1" [_thread_blocked, id=2452, stack(0x0000000071f80000,0x0000000072080000)]
  0x000000006b058800 JavaThread "build event listener" [_thread_blocked, id=3160, stack(0x0000000072490000,0x0000000072590000)]
  0x000000006b059800 JavaThread "Cache worker for execution history cache (C:\Users\Atul\AndroidStudioProjects\Myapp\.gradle\6.7.1\executionHistory)" [_thread_blocked, id=3300, stack(0x0000000072b20000,0x0000000072c20000)]

Other Threads:
  0x000000000029e800 VMThread "VM Thread" [stack: 0x0000000056120000,0x0000000056220000] [id=3956]
  0x0000000056e63000 WatcherThread [stack: 0x0000000057490000,0x0000000057590000] [id=3964]

Threads with active compile tasks:
C2 CompilerThread08511181 29705       4       org.gradle.api.internal.artifacts.ivyservice.resolveengine.artifact.ResolvedArtifactsGraphVisitor::getArtifacts (197 bytes)

VM state:not at safepoint (normal execution)

VM Mutex/Monitor currently owned by a thread: None

Heap address: 0x0000000080000000, size: 2048 MB, Compressed Oops mode: 32-bit
Narrow klass base: 0x0000000000000000, Narrow klass shift: 0
Compressed class space size: 1073741824 Address: 0x0000000015600000

Heap:
 def new generation   total 125120K, used 98537K [0x0000000080000000, 0x00000000887c0000, 0x00000000aaaa0000)
  eden space 111232K,  80% used [0x0000000080000000, 0x0000000085742c30, 0x0000000086ca0000)
  from space 13888K,  66% used [0x0000000086ca0000, 0x0000000087597ac8, 0x0000000087a30000)
  to   space 13888K,   0% used [0x0000000087a30000, 0x0000000087a30000, 0x00000000887c0000)
 tenured generation   total 276572K, used 113190K [0x00000000aaaa0000, 0x00000000bb8b7000, 0x0000000100000000)
   the space 276572K,  40% used [0x00000000aaaa0000, 0x00000000b1929948, 0x00000000b1929a00, 0x00000000bb8b7000)
 Metaspace       used 154518K, capacity 158927K, committed 159016K, reserved 1187840K
  class space    used 18487K, capacity 20014K, committed 20088K, reserved 1048576K

Card table byte_map: [0x0000000014f40000,0x0000000015350000] _byte_map_base: 0x0000000014b40000

Polling page: 0x0000000000330000

Metaspace:

Usage:
  Non-class:    135.66 MB capacity,   132.84 MB ( 98%) used,     2.35 MB (  2%) free+waste,   475.38 KB ( <1%) overhead. 
      Class:     19.54 MB capacity,    18.05 MB ( 92%) used,     1.29 MB (  7%) free+waste,   205.69 KB (  1%) overhead. 
       Both:    155.20 MB capacity,   150.90 MB ( 97%) used,     3.64 MB (  2%) free+waste,   681.06 KB ( <1%) overhead. 

Virtual space:
  Non-class space:      136.00 MB reserved,     135.67 MB (>99%) committed 
      Class space:        1.00 GB reserved,      19.62 MB (  2%) committed 
             Both:        1.13 GB reserved,     155.29 MB ( 13%) committed 

Chunk freelists:
   Non-Class:  15.00 KB
       Class:  18.00 KB
        Both:  33.00 KB

MaxMetaspaceSize: 17179869184.00 GB
CompressedClassSpaceSize: 1.00 GB

CodeHeap 'non-profiled nmethods': size=120064Kb used=22841Kb max_used=24049Kb free=97222Kb
 bounds [0x000000000d820000, 0x000000000efb0000, 0x0000000014d60000]
CodeHeap 'profiled nmethods': size=120000Kb used=45536Kb max_used=46527Kb free=74463Kb
 bounds [0x00000000062f0000, 0x00000000090c0000, 0x000000000d820000]
CodeHeap 'non-nmethods': size=5696Kb used=2451Kb max_used=2486Kb free=3245Kb
 bounds [0x0000000005d60000, 0x0000000005fe0000, 0x00000000062f0000]
 total_blobs=23737 nmethods=22592 adapters=1056
 compilation: enabled
              stopped_count=0, restarted_count=0
 full_count=0

Compilation events (20 events):
Event: 8510.158 Thread 0x0000000055eff000 nmethod 29696 0x0000000007134410 code [0x00000000071346a0, 0x0000000007135518]
Event: 8510.158 Thread 0x0000000055f60800 29697       4       java.net.URI$Parser::scan (53 bytes)
Event: 8510.173 Thread 0x0000000055f60800 nmethod 29697 0x000000000de3a910 code [0x000000000de3aaa0, 0x000000000de3adf8]
Event: 8510.174 Thread 0x0000000055f60800 29698       4       com.google.common.collect.LinkedHashMultimap$ValueSet::rehashIfNecessary (88 bytes)
Event: 8510.180 Thread 0x0000000055f60800 nmethod 29698 0x000000000de3a310 code [0x000000000de3a4c0, 0x000000000de3a738]
Event: 8510.180 Thread 0x0000000055f60800 29699       4       com.google.common.collect.LinkedHashMultimap$ValueSet::add (144 bytes)
Event: 8510.196 Thread 0x0000000055f60800 nmethod 29699 0x000000000def7190 code [0x000000000def7360, 0x000000000def7a18]
Event: 8510.197 Thread 0x0000000055f60800 29700       4       org.gradle.api.internal.DefaultDomainObjectCollection::isEmpty (10 bytes)
Event: 8510.198 Thread 0x0000000055f60800 nmethod 29700 0x000000000dceec10 code [0x000000000dceeda0, 0x000000000dceee38]
Event: 8510.201 Thread 0x0000000055eff000 29701       3       org.gradle.api.internal.artifacts.ivyservice.resolveengine.graph.builder.ModuleSelectors::doAddWhenListHasManyElements (43 bytes)
Event: 8510.201 Thread 0x0000000055eff000 nmethod 29701 0x0000000006ff1010 code [0x0000000006ff11e0, 0x0000000006ff1468]
Event: 8510.202 Thread 0x0000000055f60800 29702       4       java.util.ArrayList::add (23 bytes)
Event: 8510.208 Thread 0x0000000055f60800 nmethod 29702 0x000000000de39b10 code [0x000000000de39cc0, 0x000000000de3a058]
Event: 8510.208 Thread 0x0000000055f60800 29703       4       org.gradle.internal.resolve.result.DefaultBuildableComponentIdResolveResult::getId (9 bytes)
Event: 8510.209 Thread 0x0000000055f60800 nmethod 29703 0x000000000dcfdb10 code [0x000000000dcfdca0, 0x000000000dcfdd38]
Event: 8510.214 Thread 0x0000000055f60800 29704       4       org.gradle.api.internal.artifacts.ivyservice.resolveengine.graph.builder.EdgeState::getAttributes (26 bytes)
Event: 8510.214 Thread 0x0000000055f60800 nmethod 29704 0x000000000dd06a10 code [0x000000000dd06ba0, 0x000000000dd06bf8]
Event: 8510.214 Thread 0x0000000055f60800 29705       4       org.gradle.api.internal.artifacts.ivyservice.resolveengine.artifact.ResolvedArtifactsGraphVisitor::getArtifacts (197 bytes)
Event: 8510.482 Thread 0x0000000055eff000 29706       3       org.gradle.api.internal.artifacts.ivyservice.resolveengine.artifact.ResolvedArtifactsGraphVisitor$ArtifactsForNode::<init> (15 bytes)
Event: 8510.483 Thread 0x0000000055eff000 nmethod 29706 0x000000000700d190 code [0x000000000700d340, 0x000000000700d4b8]

GC Heap History (20 events):
Event: 3772.094 GC heap before
{Heap before GC invocations=104 (full 9):
 def new generation   total 124672K, used 116282K [0x0000000080000000, 0x0000000088740000, 0x00000000aaaa0000)
  eden space 110848K, 100% used [0x0000000080000000, 0x0000000086c40000, 0x0000000086c40000)
  from space 13824K,  39% used [0x00000000879c0000, 0x0000000087f0ea18, 0x0000000088740000)
  to   space 13824K,   0% used [0x0000000086c40000, 0x0000000086c40000, 0x00000000879c0000)
 tenured generation   total 276572K, used 192611K [0x00000000aaaa0000, 0x00000000bb8b7000, 0x0000000100000000)
   the space 276572K,  69% used [0x00000000aaaa0000, 0x00000000b66b8db8, 0x00000000b66b8e00, 0x00000000bb8b7000)
 Metaspace       used 129097K, capacity 132197K, committed 132520K, reserved 1165312K
  class space    used 15412K, capacity 16542K, committed 16632K, reserved 1048576K
}
Event: 3772.288 GC heap after
{Heap after GC invocations=105 (full 9):
 def new generation   total 124672K, used 13824K [0x0000000080000000, 0x0000000088740000, 0x00000000aaaa0000)
  eden space 110848K,   0% used [0x0000000080000000, 0x0000000080000000, 0x0000000086c40000)
  from space 13824K, 100% used [0x0000000086c40000, 0x00000000879c0000, 0x00000000879c0000)
  to   space 13824K,   0% used [0x00000000879c0000, 0x00000000879c0000, 0x0000000088740000)
 tenured generation   total 276572K, used 235196K [0x00000000aaaa0000, 0x00000000bb8b7000, 0x0000000100000000)
   the space 276572K,  85% used [0x00000000aaaa0000, 0x00000000b904f218, 0x00000000b904f400, 0x00000000bb8b7000)
 Metaspace       used 129097K, capacity 132197K, committed 132520K, reserved 1165312K
  class space    used 15412K, capacity 16542K, committed 16632K, reserved 1048576K
}
Event: 3773.332 GC heap before
{Heap before GC invocations=105 (full 9):
 def new generation   total 124672K, used 124590K [0x0000000080000000, 0x0000000088740000, 0x00000000aaaa0000)
  eden space 110848K,  99% used [0x0000000080000000, 0x0000000086c2b9e0, 0x0000000086c40000)
  from space 13824K, 100% used [0x0000000086c40000, 0x00000000879c0000, 0x00000000879c0000)
  to   space 13824K,   0% used [0x00000000879c0000, 0x00000000879c0000, 0x0000000088740000)
 tenured generation   total 276572K, used 235196K [0x00000000aaaa0000, 0x00000000bb8b7000, 0x0000000100000000)
   the space 276572K,  85% used [0x00000000aaaa0000, 0x00000000b904f218, 0x00000000b904f400, 0x00000000bb8b7000)
 Metaspace       used 129100K, capacity 132197K, committed 132520K, reserved 1165312K
  class space    used 15412K, capacity 16542K, committed 16632K, reserved 1048576K
}
Event: 3773.480 GC heap after
{Heap after GC invocations=106 (full 9):
 def new generation   total 124672K, used 13824K [0x0000000080000000, 0x0000000088740000, 0x00000000aaaa0000)
  eden space 110848K,   0% used [0x0000000080000000, 0x0000000080000000, 0x0000000086c40000)
  from space 13824K, 100% used [0x00000000879c0000, 0x0000000088740000, 0x0000000088740000)
  to   space 13824K,   0% used [0x0000000086c40000, 0x0000000086c40000, 0x00000000879c0000)
 tenured generation   total 276572K, used 262431K [0x00000000aaaa0000, 0x00000000bb8b7000, 0x0000000100000000)
   the space 276572K,  94% used [0x00000000aaaa0000, 0x00000000baae7e88, 0x00000000baae8000, 0x00000000bb8b7000)
 Metaspace       used 129100K, capacity 132197K, committed 132520K, reserved 1165312K
  class space    used 15412K, capacity 16542K, committed 16632K, reserved 1048576K
}
Event: 3774.670 GC heap before
{Heap before GC invocations=106 (full 9):
 def new generation   total 124672K, used 124672K [0x0000000080000000, 0x0000000088740000, 0x00000000aaaa0000)
  eden space 110848K, 100% used [0x0000000080000000, 0x0000000086c40000, 0x0000000086c40000)
  from space 13824K, 100% used [0x00000000879c0000, 0x0000000088740000, 0x0000000088740000)
  to   space 13824K,   0% used [0x0000000086c40000, 0x0000000086c40000, 0x00000000879c0000)
 tenured generation   total 276572K, used 262431K [0x00000000aaaa0000, 0x00000000bb8b7000, 0x0000000100000000)
   the space 276572K,  94% used [0x00000000aaaa0000, 0x00000000baae7e88, 0x00000000baae8000, 0x00000000bb8b7000)
 Metaspace       used 129102K, capacity 132197K, committed 132520K, reserved 1165312K
  class space    used 15412K, capacity 16542K, committed 16632K, reserved 1048576K
}
Event: 3774.721 GC heap after
{Heap after GC invocations=107 (full 9):
 def new generation   total 124672K, used 13824K [0x0000000080000000, 0x0000000088740000, 0x00000000aaaa0000)
  eden space 110848K,   0% used [0x0000000080000000, 0x0000000080000000, 0x0000000086c40000)
  from space 13824K, 100% used [0x0000000086c40000, 0x00000000879c0000, 0x00000000879c0000)
  to   space 13824K,   0% used [0x00000000879c0000, 0x00000000879c0000, 0x0000000088740000)
 tenured generation   total 276572K, used 275139K [0x00000000aaaa0000, 0x00000000bb8b7000, 0x0000000100000000)
   the space 276572K,  99% used [0x00000000aaaa0000, 0x00000000bb750c28, 0x00000000bb750e00, 0x00000000bb8b7000)
 Metaspace       used 129102K, capacity 132197K, committed 132520K, reserved 1165312K
  class space    used 15412K, capacity 16542K, committed 16632K, reserved 1048576K
}
Event: 3810.086 GC heap before
{Heap before GC invocations=107 (full 9):
 def new generation   total 124672K, used 124672K [0x0000000080000000, 0x0000000088740000, 0x00000000aaaa0000)
  eden space 110848K, 100% used [0x0000000080000000, 0x0000000086c40000, 0x0000000086c40000)
  from space 13824K, 100% used [0x0000000086c40000, 0x00000000879c0000, 0x00000000879c0000)
  to   space 13824K,   0% used [0x00000000879c0000, 0x00000000879c0000, 0x0000000088740000)
 tenured generation   total 276572K, used 275139K [0x00000000aaaa0000, 0x00000000bb8b7000, 0x0000000100000000)
   the space 276572K,  99% used [0x00000000aaaa0000, 0x00000000bb750c28, 0x00000000bb750e00, 0x00000000bb8b7000)
 Metaspace       used 129302K, capacity 132326K, committed 132520K, reserved 1165312K
  class space    used 15424K, capacity 16563K, committed 16632K, reserved 1048576K
}
Event: 3810.460 GC heap after
{Heap after GC invocations=108 (full 10):
 def new generation   total 125120K, used 0K [0x0000000080000000, 0x00000000887c0000, 0x00000000aaaa0000)
  eden space 111232K,   0% used [0x0000000080000000, 0x0000000080000000, 0x0000000086ca0000)
  from space 13888K,   0% used [0x0000000086ca0000, 0x0000000086ca0000, 0x0000000087a30000)
  to   space 13888K,   0% used [0x0000000087a30000, 0x0000000087a30000, 0x00000000887c0000)
 tenured generation   total 276572K, used 78920K [0x00000000aaaa0000, 0x00000000bb8b7000, 0x0000000100000000)
   the space 276572K,  28% used [0x00000000aaaa0000, 0x00000000af7b21b0, 0x00000000af7b2200, 0x00000000bb8b7000)
 Metaspace       used 129302K, capacity 132326K, committed 132520K, reserved 1165312K
  class space    used 15424K, capacity 16563K, committed 16632K, reserved 1048576K
}
Event: 3813.262 GC heap before
{Heap before GC invocations=108 (full 10):
 def new generation   total 125120K, used 111232K [0x0000000080000000, 0x00000000887c0000, 0x00000000aaaa0000)
  eden space 111232K, 100% used [0x0000000080000000, 0x0000000086ca0000, 0x0000000086ca0000)
  from space 13888K,   0% used [0x0000000086ca0000, 0x0000000086ca0000, 0x0000000087a30000)
  to   space 13888K,   0% used [0x0000000087a30000, 0x0000000087a30000, 0x00000000887c0000)
 tenured generation   total 276572K, used 78920K [0x00000000aaaa0000, 0x00000000bb8b7000, 0x0000000100000000)
   the space 276572K,  28% used [0x00000000aaaa0000, 0x00000000af7b21b0, 0x00000000af7b2200, 0x00000000bb8b7000)
 Metaspace       used 129396K, capacity 132481K, committed 132776K, reserved 1165312K
  class space    used 15440K, capacity 16592K, committed 16632K, reserved 1048576K
}
Event: 3813.280 GC heap after
{Heap after GC invocations=109 (full 10):
 def new generation   total 125120K, used 2643K [0x0000000080000000, 0x00000000887c0000, 0x00000000aaaa0000)
  eden space 111232K,   0% used [0x0000000080000000, 0x0000000080000000, 0x0000000086ca0000)
  from space 13888K,  19% used [0x0000000087a30000, 0x0000000087cc4e10, 0x00000000887c0000)
  to   space 13888K,   0% used [0x0000000086ca0000, 0x0000000086ca0000, 0x0000000087a30000)
 tenured generation   total 276572K, used 78920K [0x00000000aaaa0000, 0x00000000bb8b7000, 0x0000000100000000)
   the space 276572K,  28% used [0x00000000aaaa0000, 0x00000000af7b21b0, 0x00000000af7b2200, 0x00000000bb8b7000)
 Metaspace       used 129396K, capacity 132481K, committed 132776K, reserved 1165312K
  class space    used 15440K, capacity 16592K, committed 16632K, reserved 1048576K
}
Event: 6499.771 GC heap before
{Heap before GC invocations=109 (full 10):
 def new generation   total 125120K, used 113409K [0x0000000080000000, 0x00000000887c0000, 0x00000000aaaa0000)
  eden space 111232K,  99% used [0x0000000080000000, 0x0000000086c2b678, 0x0000000086ca0000)
  from space 13888K,  19% used [0x0000000087a30000, 0x0000000087cc4e10, 0x00000000887c0000)
  to   space 13888K,   0% used [0x0000000086ca0000, 0x0000000086ca0000, 0x0000000087a30000)
 tenured generation   total 276572K, used 78920K [0x00000000aaaa0000, 0x00000000bb8b7000, 0x0000000100000000)
   the space 276572K,  28% used [0x00000000aaaa0000, 0x00000000af7b21b0, 0x00000000af7b2200, 0x00000000bb8b7000)
 Metaspace       used 129533K, capacity 132589K, committed 132776K, reserved 1165312K
  class space    used 15458K, capacity 16614K, committed 16632K, reserved 1048576K
}
Event: 6499.791 GC heap after
{Heap after GC invocations=110 (full 10):
 def new generation   total 125120K, used 2164K [0x0000000080000000, 0x00000000887c0000, 0x00000000aaaa0000)
  eden space 111232K,   0% used [0x0000000080000000, 0x0000000080000000, 0x0000000086ca0000)
  from space 13888K,  15% used [0x0000000086ca0000, 0x0000000086ebd0a0, 0x0000000087a30000)
  to   space 13888K,   0% used [0x0000000087a30000, 0x0000000087a30000, 0x00000000887c0000)
 tenured generation   total 276572K, used 78920K [0x00000000aaaa0000, 0x00000000bb8b7000, 0x0000000100000000)
   the space 276572K,  28% used [0x00000000aaaa0000, 0x00000000af7b21b0, 0x00000000af7b2200, 0x00000000bb8b7000)
 Metaspace       used 129533K, capacity 132589K, committed 132776K, reserved 1165312K
  class space    used 15458K, capacity 16614K, committed 16632K, reserved 1048576K
}
Event: 6512.886 GC heap before
{Heap before GC invocations=110 (full 10):
 def new generation   total 125120K, used 113396K [0x0000000080000000, 0x00000000887c0000, 0x00000000aaaa0000)
  eden space 111232K, 100% used [0x0000000080000000, 0x0000000086ca0000, 0x0000000086ca0000)
  from space 13888K,  15% used [0x0000000086ca0000, 0x0000000086ebd0a0, 0x0000000087a30000)
  to   space 13888K,   0% used [0x0000000087a30000, 0x0000000087a30000, 0x00000000887c0000)
 tenured generation   total 276572K, used 78920K [0x00000000aaaa0000, 0x00000000bb8b7000, 0x0000000100000000)
   the space 276572K,  28% used [0x00000000aaaa0000, 0x00000000af7b21b0, 0x00000000af7b2200, 0x00000000bb8b7000)
 Metaspace       used 135429K, capacity 139229K, committed 139560K, reserved 1171456K
  class space    used 16129K, capacity 17451K, committed 17528K, reserved 1048576K
}
Event: 6512.944 GC heap after
{Heap after GC invocations=111 (full 10):
 def new generation   total 125120K, used 13888K [0x0000000080000000, 0x00000000887c0000, 0x00000000aaaa0000)
  eden space 111232K,   0% used [0x0000000080000000, 0x0000000080000000, 0x0000000086ca0000)
  from space 13888K, 100% used [0x0000000087a30000, 0x00000000887c0000, 0x00000000887c0000)
  to   space 13888K,   0% used [0x0000000086ca0000, 0x0000000086ca0000, 0x0000000087a30000)
 tenured generation   total 276572K, used 92805K [0x00000000aaaa0000, 0x00000000bb8b7000, 0x0000000100000000)
   the space 276572K,  33% used [0x00000000aaaa0000, 0x00000000b0541738, 0x00000000b0541800, 0x00000000bb8b7000)
 Metaspace       used 135429K, capacity 139229K, committed 139560K, reserved 1171456K
  class space    used 16129K, capacity 17451K, committed 17528K, reserved 1048576K
}
Event: 6524.864 GC heap before
{Heap before GC invocations=111 (full 10):
 def new generation   total 125120K, used 125120K [0x0000000080000000, 0x00000000887c0000, 0x00000000aaaa0000)
  eden space 111232K, 100% used [0x0000000080000000, 0x0000000086ca0000, 0x0000000086ca0000)
  from space 13888K, 100% used [0x0000000087a30000, 0x00000000887c0000, 0x00000000887c0000)
  to   space 13888K,   0% used [0x0000000086ca0000, 0x0000000086ca0000, 0x0000000087a30000)
 tenured generation   total 276572K, used 92805K [0x00000000aaaa0000, 0x00000000bb8b7000, 0x0000000100000000)
   the space 276572K,  33% used [0x00000000aaaa0000, 0x00000000b0541738, 0x00000000b0541800, 0x00000000bb8b7000)
 Metaspace       used 143437K, capacity 147264K, committed 147624K, reserved 1177600K
  class space    used 17174K, capacity 18561K, committed 18680K, reserved 1048576K
}
Event: 6524.920 GC heap after
{Heap after GC invocations=112 (full 10):
 def new generation   total 125120K, used 6798K [0x0000000080000000, 0x00000000887c0000, 0x00000000aaaa0000)
  eden space 111232K,   0% used [0x0000000080000000, 0x0000000080000000, 0x0000000086ca0000)
  from space 13888K,  48% used [0x0000000086ca0000, 0x0000000087343aa8, 0x0000000087a30000)
  to   space 13888K,   0% used [0x0000000087a30000, 0x0000000087a30000, 0x00000000887c0000)
 tenured generation   total 276572K, used 106670K [0x00000000aaaa0000, 0x00000000bb8b7000, 0x0000000100000000)
   the space 276572K,  38% used [0x00000000aaaa0000, 0x00000000b12cb948, 0x00000000b12cba00, 0x00000000bb8b7000)
 Metaspace       used 143437K, capacity 147264K, committed 147624K, reserved 1177600K
  class space    used 17174K, capacity 18561K, committed 18680K, reserved 1048576K
}
Event: 6544.281 GC heap before
{Heap before GC invocations=112 (full 10):
 def new generation   total 125120K, used 118030K [0x0000000080000000, 0x00000000887c0000, 0x00000000aaaa0000)
  eden space 111232K, 100% used [0x0000000080000000, 0x0000000086ca0000, 0x0000000086ca0000)
  from space 13888K,  48% used [0x0000000086ca0000, 0x0000000087343aa8, 0x0000000087a30000)
  to   space 13888K,   0% used [0x0000000087a30000, 0x0000000087a30000, 0x00000000887c0000)
 tenured generation   total 276572K, used 106670K [0x00000000aaaa0000, 0x00000000bb8b7000, 0x0000000100000000)
   the space 276572K,  38% used [0x00000000aaaa0000, 0x00000000b12cb948, 0x00000000b12cba00, 0x00000000bb8b7000)
 Metaspace       used 146708K, capacity 150710K, committed 151080K, reserved 1181696K
  class space    used 17514K, capacity 18938K, committed 19064K, reserved 1048576K
}
Event: 6544.337 GC heap after
{Heap after GC invocations=113 (full 10):
 def new generation   total 125120K, used 13295K [0x0000000080000000, 0x00000000887c0000, 0x00000000aaaa0000)
  eden space 111232K,   0% used [0x0000000080000000, 0x0000000080000000, 0x0000000086ca0000)
  from space 13888K,  95% used [0x0000000087a30000, 0x000000008872bf58, 0x00000000887c0000)
  to   space 13888K,   0% used [0x0000000086ca0000, 0x0000000086ca0000, 0x0000000087a30000)
 tenured generation   total 276572K, used 106670K [0x00000000aaaa0000, 0x00000000bb8b7000, 0x0000000100000000)
   the space 276572K,  38% used [0x00000000aaaa0000, 0x00000000b12cb948, 0x00000000b12cba00, 0x00000000bb8b7000)
 Metaspace       used 146708K, capacity 150710K, committed 151080K, reserved 1181696K
  class space    used 17514K, capacity 18938K, committed 19064K, reserved 1048576K
}
Event: 8400.079 GC heap before
{Heap before GC invocations=113 (full 10):
 def new generation   total 125120K, used 124527K [0x0000000080000000, 0x00000000887c0000, 0x00000000aaaa0000)
  eden space 111232K, 100% used [0x0000000080000000, 0x0000000086ca0000, 0x0000000086ca0000)
  from space 13888K,  95% used [0x0000000087a30000, 0x000000008872bf58, 0x00000000887c0000)
  to   space 13888K,   0% used [0x0000000086ca0000, 0x0000000086ca0000, 0x0000000087a30000)
 tenured generation   total 276572K, used 106670K [0x00000000aaaa0000, 0x00000000bb8b7000, 0x0000000100000000)
   the space 276572K,  38% used [0x00000000aaaa0000, 0x00000000b12cb948, 0x00000000b12cba00, 0x00000000bb8b7000)
 Metaspace       used 148402K, capacity 152679K, committed 152872K, reserved 1183744K
  class space    used 17738K, capacity 19251K, committed 19320K, reserved 1048576K
}
Event: 8400.138 GC heap after
{Heap after GC invocations=114 (full 10):
 def new generation   total 125120K, used 9182K [0x0000000080000000, 0x00000000887c0000, 0x00000000aaaa0000)
  eden space 111232K,   0% used [0x0000000080000000, 0x0000000080000000, 0x0000000086ca0000)
  from space 13888K,  66% used [0x0000000086ca0000, 0x0000000087597ac8, 0x0000000087a30000)
  to   space 13888K,   0% used [0x0000000087a30000, 0x0000000087a30000, 0x00000000887c0000)
 tenured generation   total 276572K, used 113190K [0x00000000aaaa0000, 0x00000000bb8b7000, 0x0000000100000000)
   the space 276572K,  40% used [0x00000000aaaa0000, 0x00000000b1929948, 0x00000000b1929a00, 0x00000000bb8b7000)
 Metaspace       used 148402K, capacity 152679K, committed 152872K, reserved 1183744K
  class space    used 17738K, capacity 19251K, committed 19320K, reserved 1048576K
}

Deoptimization events (20 events):
Event: 8508.833 Thread 0x000000005e685800 DEOPT PACKING pc=0x000000000e74ce74 sp=0x000000005a7f67d0
Event: 8508.833 Thread 0x000000005e685800 DEOPT UNPACKING pc=0x0000000005d85da9 sp=0x000000005a7f6800 mode 2
Event: 8509.123 Thread 0x000000005e685800 DEOPT PACKING pc=0x0000000006ce25db sp=0x000000005a7f5cb0
Event: 8509.123 Thread 0x000000005e685800 DEOPT UNPACKING pc=0x0000000005d85bbf sp=0x000000005a7f50e0 mode 0
Event: 8509.970 Thread 0x000000005e685800 Uncommon trap: trap_request=0xffffffbe fr.pc=0x000000000e86a1a0 relative=0x0000000000004600
Event: 8509.970 Thread 0x000000005e685800 Uncommon trap: reason=profile_predicate action=maybe_recompile pc=0x000000000e86a1a0 method=org.gradle.internal.resolve.resolver.DefaultArtifactSelector.resolveArtifacts(Lorg/gradle/internal/component/model/ComponentResolveMetadata;Lorg/gradle/internal/co
Event: 8509.970 Thread 0x000000005e685800 DEOPT PACKING pc=0x000000000e86a1a0 sp=0x000000005a7f8100
Event: 8509.970 Thread 0x000000005e685800 DEOPT UNPACKING pc=0x0000000005d85da9 sp=0x000000005a7f80b0 mode 2
Event: 8509.972 Thread 0x000000005e685800 Uncommon trap: trap_request=0xffffffbe fr.pc=0x000000000e86a1a0 relative=0x0000000000004600
Event: 8509.972 Thread 0x000000005e685800 Uncommon trap: reason=profile_predicate action=maybe_recompile pc=0x000000000e86a1a0 method=org.gradle.internal.resolve.resolver.DefaultArtifactSelector.resolveArtifacts(Lorg/gradle/internal/component/model/ComponentResolveMetadata;Lorg/gradle/internal/co
Event: 8509.972 Thread 0x000000005e685800 DEOPT PACKING pc=0x000000000e86a1a0 sp=0x000000005a7f8100
Event: 8509.972 Thread 0x000000005e685800 DEOPT UNPACKING pc=0x0000000005d85da9 sp=0x000000005a7f80b0 mode 2
Event: 8509.973 Thread 0x000000005e685800 Uncommon trap: trap_request=0xffffffbe fr.pc=0x000000000e86a1a0 relative=0x0000000000004600
Event: 8509.973 Thread 0x000000005e685800 Uncommon trap: reason=profile_predicate action=maybe_recompile pc=0x000000000e86a1a0 method=org.gradle.internal.resolve.resolver.DefaultArtifactSelector.resolveArtifacts(Lorg/gradle/internal/component/model/ComponentResolveMetadata;Lorg/gradle/internal/co
Event: 8509.973 Thread 0x000000005e685800 DEOPT PACKING pc=0x000000000e86a1a0 sp=0x000000005a7f8100
Event: 8509.973 Thread 0x000000005e685800 DEOPT UNPACKING pc=0x0000000005d85da9 sp=0x000000005a7f80b0 mode 2
Event: 8509.973 Thread 0x000000005e685800 Uncommon trap: trap_request=0xffffffbe fr.pc=0x000000000e86a1a0 relative=0x0000000000004600
Event: 8509.973 Thread 0x000000005e685800 Uncommon trap: reason=profile_predicate action=maybe_recompile pc=0x000000000e86a1a0 method=org.gradle.internal.resolve.resolver.DefaultArtifactSelector.resolveArtifacts(Lorg/gradle/internal/component/model/ComponentResolveMetadata;Lorg/gradle/internal/co
Event: 8509.973 Thread 0x000000005e685800 DEOPT PACKING pc=0x000000000e86a1a0 sp=0x000000005a7f8100
Event: 8509.973 Thread 0x000000005e685800 DEOPT UNPACKING pc=0x0000000005d85da9 sp=0x000000005a7f80b0 mode 2

Classes redefined (0 events):
No events

Internal exceptions (20 events):
Event: 6544.093 Thread 0x000000005e689000 Exception <a 'java/lang/ClassNotFoundException'{0x0000000086a1a1c0}: org/gradle/api/plugins/BasePluginConventionBeanInfo> (0x0000000086a1a1c0) thrown at [./src/hotspot/share/classfile/systemDictionary.cpp, line 231]
Event: 6544.094 Thread 0x000000005e689000 Exception <a 'java/lang/ClassNotFoundException'{0x0000000086a34028}: org/gradle/api/plugins/BasePluginConventionCustomizer> (0x0000000086a34028) thrown at [./src/hotspot/share/classfile/systemDictionary.cpp, line 231]
Event: 6544.095 Thread 0x000000005e689000 Exception <a 'java/lang/ClassNotFoundException'{0x0000000086a5f368}: org/gradle/api/plugins/internal/DefaultBasePluginConventionCustomizer> (0x0000000086a5f368) thrown at [./src/hotspot/share/classfile/systemDictionary.cpp, line 231]
Event: 6545.757 Thread 0x0000000062253000 Exception <a 'sun/nio/fs/WindowsException'{0x000000008083f500}> (0x000000008083f500) thrown at [./src/hotspot/share/prims/jni.cpp, line 615]
Event: 6545.759 Thread 0x000000005e687800 Exception <a 'java/lang/NoSuchMethodError'{0x0000000080856c28}: <clinit>> (0x0000000080856c28) thrown at [./src/hotspot/share/prims/jni.cpp, line 1362]
Event: 6546.462 Thread 0x000000005e687800 Exception <a 'java/lang/NoSuchMethodError'{0x0000000080870b38}: <clinit>> (0x0000000080870b38) thrown at [./src/hotspot/share/prims/jni.cpp, line 1362]
Event: 6546.463 Thread 0x000000005e687800 Exception <a 'java/lang/NoSuchMethodError'{0x000000008087e1f8}: <clinit>> (0x000000008087e1f8) thrown at [./src/hotspot/share/prims/jni.cpp, line 1362]
Event: 8320.397 Thread 0x000000005e68c000 Implicit null exception at 0x000000000e85a9ee to 0x000000000e85ab00
Event: 8321.103 Thread 0x000000005e68c000 Exception <a 'sun/nio/fs/WindowsException'{0x00000000846de0b0}> (0x00000000846de0b0) thrown at [./src/hotspot/share/prims/jni.cpp, line 615]
Event: 8323.028 Thread 0x000000005e68f800 Exception <a 'java/lang/NoSuchMethodError'{0x000000008478d978}: <clinit>> (0x000000008478d978) thrown at [./src/hotspot/share/prims/jni.cpp, line 1362]
Event: 8323.028 Thread 0x000000005e68f800 Exception <a 'java/lang/NoSuchMethodError'{0x000000008509f760}: <clinit>> (0x000000008509f760) thrown at [./src/hotspot/share/prims/jni.cpp, line 1362]
Event: 8323.706 Thread 0x0000000058d0c000 Exception <a 'sun/nio/fs/WindowsException'{0x00000000850eba88}> (0x00000000850eba88) thrown at [./src/hotspot/share/prims/jni.cpp, line 615]
Event: 8400.828 Thread 0x000000005e68a800 Exception <a 'sun/nio/fs/WindowsException'{0x000000008062f0e8}> (0x000000008062f0e8) thrown at [./src/hotspot/share/prims/jni.cpp, line 615]
Event: 8410.261 Thread 0x000000005dddf000 Exception <a 'sun/nio/fs/WindowsException'{0x00000000810d0a08}> (0x00000000810d0a08) thrown at [./src/hotspot/share/prims/jni.cpp, line 615]
Event: 8503.933 Thread 0x000000005e685800 Exception <a 'sun/nio/fs/WindowsException'{0x00000000829ebfc8}> (0x00000000829ebfc8) thrown at [./src/hotspot/share/prims/jni.cpp, line 615]
Event: 8504.292 Thread 0x000000005e685800 Exception <a 'sun/nio/fs/WindowsException'{0x0000000082e21450}> (0x0000000082e21450) thrown at [./src/hotspot/share/prims/jni.cpp, line 615]
Event: 8505.433 Thread 0x000000005e685800 Exception <a 'java/lang/IncompatibleClassChangeError'{0x00000000836d23c0}: Found class java.lang.Object, but interface was expected> (0x00000000836d23c0) thrown at [./src/hotspot/share/interpreter/linkResolver.cpp, line 839]
Event: 8507.165 Thread 0x000000005e685800 Implicit null exception at 0x000000000ef76c3f to 0x000000000ef76e6c
Event: 8507.307 Thread 0x000000005e685800 Implicit null exception at 0x000000000e88f3f7 to 0x000000000e88fdac
Event: 8507.317 Thread 0x000000005e685800 Implicit null exception at 0x000000000ea46e20 to 0x000000000ea480a4

Events (20 events):
Event: 8508.031 loading class org/gradle/internal/serialize/Encoder
Event: 8508.031 loading class org/gradle/internal/serialize/Encoder done
Event: 8508.031 loading class org/gradle/internal/component/model/ModuleSource
Event: 8508.031 loading class org/gradle/internal/component/model/ModuleSource done
Event: 8508.031 loading class org/gradle/api/internal/artifacts/ivyservice/modulecache/ModuleSourcesSerializer
Event: 8508.031 loading class org/gradle/api/internal/artifacts/ivyservice/modulecache/ModuleSourcesSerializer done
Event: 8508.895 loading class org/gradle/api/internal/artifacts/repositories/metadata/DefaultMavenImmutableAttributesFactory$1
Event: 8508.895 loading class org/gradle/api/internal/artifacts/repositories/metadata/DefaultMavenImmutableAttributesFactory$1 done
Event: 8509.091 loading class org/gradle/api/internal/artifacts/repositories/resolver/MavenUniqueSnapshotModuleSource
Event: 8509.091 loading class org/gradle/api/internal/artifacts/repositories/resolver/MavenUniqueSnapshotModuleSource done
Event: 8509.092 loading class org/gradle/internal/component/model/ModuleSources
Event: 8509.092 loading class org/gradle/internal/component/model/ModuleSources done
Event: 8509.092 loading class org/gradle/api/internal/artifacts/repositories/resolver/MavenResolver
Event: 8509.092 loading class org/gradle/api/internal/artifacts/repositories/resolver/MavenResolver done
Event: 8509.093 loading class org/gradle/internal/resource/BuildOperationFiringExternalResourceDecorator$1
Event: 8509.093 loading class org/gradle/internal/resource/BuildOperationFiringExternalResourceDecorator$1 done
Event: 8509.094 loading class org/gradle/internal/resource/BuildOperationFiringExternalResourceDecorator$MetadataOperationDetails
Event: 8509.094 loading class org/gradle/internal/resource/BuildOperationFiringExternalResourceDecorator$MetadataOperationDetails done
Event: 8509.095 loading class org/gradle/internal/resource/ExternalResourceReadMetadataBuildOperationType$Details
Event: 8509.095 loading class org/gradle/internal/resource/ExternalResourceReadMetadataBuildOperationType$Details done


Dynamic libraries:
0x000000013f180000 - 0x000000013f18a000 	C:\Program Files\Android\Android Studio\jre\bin\java.exe
0x0000000076eb0000 - 0x0000000077059000 	C:\Windows\SYSTEM32\ntdll.dll
0x0000000076c90000 - 0x0000000076daf000 	C:\Windows\system32\kernel32.dll
0x000007fefceb0000 - 0x000007fefcf1b000 	C:\Windows\system32\KERNELBASE.dll
0x000007fef8660000 - 0x000007fef8679000 	C:\Program Files\Android\Android Studio\jre\bin\jli.dll
0x000007fefb8a0000 - 0x000007fefba94000 	C:\Windows\WinSxS\amd64_microsoft.windows.common-controls_6595b64144ccf1df_6.0.7601.17514_none_fa396087175ac9ac\COMCTL32.dll
0x000007fefdbd0000 - 0x000007fefdc6f000 	C:\Windows\system32\msvcrt.dll
0x000007fefdd70000 - 0x000007fefddd7000 	C:\Windows\system32\GDI32.dll
0x0000000076db0000 - 0x0000000076eaa000 	C:\Windows\system32\USER32.dll
0x000007fefdd60000 - 0x000007fefdd6e000 	C:\Windows\system32\LPK.dll
0x000007fefefc0000 - 0x000007feff089000 	C:\Windows\system32\USP10.dll
0x000007fefdc70000 - 0x000007fefdce1000 	C:\Windows\system32\SHLWAPI.dll
0x000007fef84f0000 - 0x000007fef8507000 	C:\Program Files\Android\Android Studio\jre\bin\VCRUNTIME140.dll
0x000007fef4090000 - 0x000007fef4094000 	C:\Windows\system32\api-ms-win-crt-runtime-l1-1-0.dll
0x000007fef25c0000 - 0x000007fef26b2000 	C:\Windows\system32\ucrtbase.DLL
0x000007fef3990000 - 0x000007fef3993000 	C:\Windows\system32\api-ms-win-core-timezone-l1-1-0.dll
0x000007fef2f80000 - 0x000007fef2f83000 	C:\Windows\system32\api-ms-win-core-file-l2-1-0.dll
0x000007fef2f70000 - 0x000007fef2f73000 	C:\Windows\system32\api-ms-win-core-localization-l1-2-0.dll
0x000007fefb070000 - 0x000007fefb073000 	C:\Windows\system32\api-ms-win-core-synch-l1-2-0.dll
0x000007fef2f60000 - 0x000007fef2f63000 	C:\Windows\system32\api-ms-win-core-processthreads-l1-1-1.dll
0x000007fef2f30000 - 0x000007fef2f33000 	C:\Windows\system32\api-ms-win-core-file-l1-2-0.dll
0x000007fef1a50000 - 0x000007fef1a54000 	C:\Windows\system32\api-ms-win-crt-string-l1-1-0.dll
0x000007fef2f20000 - 0x000007fef2f23000 	C:\Windows\system32\api-ms-win-crt-heap-l1-1-0.dll
0x000007fef1a40000 - 0x000007fef1a44000 	C:\Windows\system32\api-ms-win-crt-stdio-l1-1-0.dll
0x000007fef1a30000 - 0x000007fef1a34000 	C:\Windows\system32\api-ms-win-crt-convert-l1-1-0.dll
0x000007fef1a20000 - 0x000007fef1a23000 	C:\Windows\system32\api-ms-win-crt-environment-l1-1-0.dll
0x000007fef19f0000 - 0x000007fef19f3000 	C:\Windows\system32\api-ms-win-crt-filesystem-l1-1-0.dll
0x000007fef1a00000 - 0x000007fef1a05000 	C:\Windows\system32\api-ms-win-crt-math-l1-1-0.dll
0x000007fef26c0000 - 0x000007fef26c3000 	C:\Windows\system32\api-ms-win-crt-locale-l1-1-0.dll
0x000007fefd9b0000 - 0x000007fefd9de000 	C:\Windows\system32\IMM32.DLL
0x000007fefd9e0000 - 0x000007fefdae9000 	C:\Windows\system32\MSCTF.dll
0x000007fef8450000 - 0x000007fef84ed000 	C:\Program Files\Android\Android Studio\jre\bin\msvcp140.dll
0x000007fef8650000 - 0x000007fef8655000 	C:\Windows\system32\api-ms-win-crt-multibyte-l1-1-0.dll
0x000007fef19e0000 - 0x000007fef19e3000 	C:\Windows\system32\api-ms-win-crt-time-l1-1-0.dll
0x000007fef1a10000 - 0x000007fef1a13000 	C:\Windows\system32\api-ms-win-crt-utility-l1-1-0.dll
0x000007fef1a60000 - 0x000007fef251c000 	C:\Program Files\Android\Android Studio\jre\bin\server\jvm.dll
0x000007fefdaf0000 - 0x000007fefdbcb000 	C:\Windows\system32\ADVAPI32.dll
0x000007fefd1d0000 - 0x000007fefd1ef000 	C:\Windows\SYSTEM32\sechost.dll
0x000007feff090000 - 0x000007feff1bd000 	C:\Windows\system32\RPCRT4.dll
0x000007fef45b0000 - 0x000007fef45b9000 	C:\Windows\system32\WSOCK32.dll
0x000007fefde80000 - 0x000007fefdecd000 	C:\Windows\system32\WS2_32.dll
0x000007fefdd50000 - 0x000007fefdd58000 	C:\Windows\system32\NSI.dll
0x000007fef9050000 - 0x000007fef908b000 	C:\Windows\system32\WINMM.dll
0x000007fefbf60000 - 0x000007fefbf6c000 	C:\Windows\system32\VERSION.dll
0x0000000077070000 - 0x0000000077077000 	C:\Windows\system32\PSAPI.DLL
0x000007fef19c0000 - 0x000007fef19d1000 	C:\Program Files\Android\Android Studio\jre\bin\verify.dll
0x000007fefae40000 - 0x000007fefaf65000 	C:\Windows\system32\DBGHELP.DLL
0x000007fef1990000 - 0x000007fef19b9000 	C:\Program Files\Android\Android Studio\jre\bin\java.dll
0x000007fef1980000 - 0x000007fef198b000 	C:\Program Files\Android\Android Studio\jre\bin\jimage.dll
0x000007fef1960000 - 0x000007fef1978000 	C:\Program Files\Android\Android Studio\jre\bin\zip.dll
0x000007fefe230000 - 0x000007fefefb8000 	C:\Windows\system32\SHELL32.dll
0x000007fefd7a0000 - 0x000007fefd9a3000 	C:\Windows\system32\ole32.dll
0x000007fefce00000 - 0x000007fefce0f000 	C:\Windows\system32\profapi.dll
0x000007fef1940000 - 0x000007fef195a000 	C:\Program Files\Android\Android Studio\jre\bin\net.dll
0x000007fef8e30000 - 0x000007fef8ea1000 	C:\Windows\system32\WINHTTP.dll
0x000007fef8dc0000 - 0x000007fef8e24000 	C:\Windows\system32\webio.dll
0x000007fefc630000 - 0x000007fefc685000 	C:\Windows\system32\mswsock.dll
0x000007fefc620000 - 0x000007fefc627000 	C:\Windows\System32\wship6.dll
0x000007fef1920000 - 0x000007fef1934000 	C:\Program Files\Android\Android Studio\jre\bin\nio.dll
0x000007fef8680000 - 0x000007fef86a7000 	C:\Users\Atul\.gradle\native\fdc75f09e3144964f2cf3f50f0aa648679c211496f362492102eb8c894070792\windows-amd64\native-platform.dll
0x000007fee3d60000 - 0x000007fee3ef6000 	C:\Users\Atul\.gradle\native\12488b8bf47d2d4c9fbf2f6322a914ad602e24e48041cd04a747c6da556b65c4\windows-amd64\native-platform-file-events.dll
0x000007fef1910000 - 0x000007fef191a000 	C:\Program Files\Android\Android Studio\jre\bin\management.dll
0x000007fef1900000 - 0x000007fef190c000 	C:\Program Files\Android\Android Studio\jre\bin\management_ext.dll
0x000007fefc690000 - 0x000007fefc6a7000 	C:\Windows\system32\CRYPTSP.dll
0x000007fefc390000 - 0x000007fefc3d7000 	C:\Windows\system32\rsaenh.dll
0x000007fefc150000 - 0x000007fefc16e000 	C:\Windows\system32\USERENV.dll
0x000007fefccf0000 - 0x000007fefccff000 	C:\Windows\system32\CRYPTBASE.dll
0x000007fefa810000 - 0x000007fefa837000 	C:\Windows\system32\IPHLPAPI.DLL
0x000007fefa800000 - 0x000007fefa80b000 	C:\Windows\system32\WINNSI.DLL
0x000007fefa680000 - 0x000007fefa691000 	C:\Windows\system32\dhcpcsvc6.DLL
0x000007fefa660000 - 0x000007fefa678000 	C:\Windows\system32\dhcpcsvc.DLL
0x000007fef1750000 - 0x000007fef18f2000 	C:\Program Files\Android\Android Studio\jre\bin\awt.dll
0x000007fefb290000 - 0x000007fefb2a8000 	C:\Windows\system32\dwmapi.dll
0x000007fefe150000 - 0x000007fefe227000 	C:\Windows\system32\OLEAUT32.dll
0x000007fefcc90000 - 0x000007fefcce7000 	C:\Windows\system32\apphelp.dll
0x000007fef10d0000 - 0x000007fef10f7000 	C:\Program Files\Android\Android Studio\jre\bin\sunec.dll
0x000007fefc030000 - 0x000007fefc037000 	C:\Windows\System32\wshtcpip.dll
0x000007fefc4b0000 - 0x000007fefc50b000 	C:\Windows\system32\DNSAPI.dll
0x000007fef7c90000 - 0x000007fef7c98000 	C:\Windows\system32\rasadhlp.dll
0x000007fefa6b0000 - 0x000007fefa703000 	C:\Windows\System32\fwpuclnt.dll

dbghelp: loaded successfully - version: 4.0.5 - missing functions: none
symbol engine: initialized successfully - sym options: 0x614 - pdb path: .;C:\Program Files\Android\Android Studio\jre\bin;C:\Windows\SYSTEM32;C:\Windows\WinSxS\amd64_microsoft.windows.common-controls_6595b64144ccf1df_6.0.7601.17514_none_fa396087175ac9ac;C:\Program Files\Android\Android Studio\jre\bin\server;C:\Users\Atul\.gradle\native\fdc75f09e3144964f2cf3f50f0aa648679c211496f362492102eb8c894070792\windows-amd64;C:\Users\Atul\.gradle\native\12488b8bf47d2d4c9fbf2f6322a914ad602e24e48041cd04a747c6da556b65c4\windows-amd64

VM Arguments:
jvm_args: --add-opens=java.base/java.util=ALL-UNNAMED --add-opens=java.base/java.lang=ALL-UNNAMED --add-opens=java.base/java.lang.invoke=ALL-UNNAMED --add-opens=java.prefs/java.util.prefs=ALL-UNNAMED -Xmx2048m -Dfile.encoding=UTF-8 -Duser.country=IN -Duser.language=en -Duser.variant 
java_command: org.gradle.launcher.daemon.bootstrap.GradleDaemon 6.7.1
java_class_path (initial): C:\Users\Atul\.gradle\wrapper\dists\gradle-6.7.1-bin\bwlcbys1h7rz3272sye1xwiv6\gradle-6.7.1\lib\gradle-launcher-6.7.1.jar
Launcher Type: SUN_STANDARD

[Global flags]
     intx CICompilerCount                          = 2                                         {product} {ergonomic}
   size_t InitialHeapSize                          = 58720256                                  {product} {ergonomic}
   size_t MaxHeapSize                              = 2147483648                                {product} {command line}
   size_t MaxNewSize                               = 715784192                                 {product} {ergonomic}
   size_t MinHeapDeltaBytes                        = 196608                                    {product} {ergonomic}
   size_t NewSize                                  = 19529728                                  {product} {ergonomic}
    uintx NonNMethodCodeHeapSize                   = 5825164                                {pd product} {ergonomic}
    uintx NonProfiledCodeHeapSize                  = 122916538                              {pd product} {ergonomic}
   size_t OldSize                                  = 39190528                                  {product} {ergonomic}
    uintx ProfiledCodeHeapSize                     = 122916538                              {pd product} {ergonomic}
    uintx ReservedCodeCacheSize                    = 251658240                              {pd product} {ergonomic}
     bool SegmentedCodeCache                       = true                                      {product} {ergonomic}
     bool UseCompressedClassPointers               = true                                 {lp64_product} {ergonomic}
     bool UseCompressedOops                        = true                                 {lp64_product} {ergonomic}
     bool UseLargePagesIndividualAllocation        = false                                  {pd product} {ergonomic}
     bool UseSerialGC                              = true                                      {product} {ergonomic}

Logging:
Log output configuration:
 #0: stdout all=warning uptime,level,tags
 #1: stderr all=off uptime,level,tags

Environment Variables:
JAVA_HOME=C:\Program Files\Java\jdk-16.0.1\bin
PATH=C:\Program Files\Common Files\Oracle\Java\javapath;C:\Program Files (x86)\Common Files\Oracle\Java\javapath;C:\Windows\system32;C:\Windows;C:\Windows\System32\Wbem;C:\Windows\System32\WindowsPowerShell\v1.0\ :\Program Files\Java\jdk-16.0.1\bin;C:\Program Files\Git\cmd
USERNAME=Atul
OS=Windows_NT
PROCESSOR_IDENTIFIER=AMD64 Family 16 Model 6 Stepping 3, AuthenticAMD



---------------  S Y S T E M  ---------------

OS: Windows 7 , 64 bit Build 7601 (6.1.7601.17514)
OS uptime: 0 days 2:46 hours

CPU:total 1 (initial active 1) (1 cores per cpu, 1 threads per core) family 16 model 6 stepping 3, cmov, cx8, fxsr, mmx, sse, sse2, sse3, popcnt, mmxext, 3dnowpref, lzcnt, sse4a, tsc, tscinvbit, tscinv

Memory: 4k page, system-wide physical 3581M (104M free)
TotalPageFile size 3579M (AvailPageFile size 5M)
current process WorkingSet (physical memory assigned to process): 496M, peak: 734M
current process commit charge ("private bytes"): 781M, peak: 784M

vm_info: OpenJDK 64-Bit Server VM (11.0.8+10-b944.6842174) for windows-amd64 JRE (11.0.8+10-b944.6842174), built on Sep 19 2020 01:11:42 by "builder" with MS VC++ 14.0 (VS2015)

END.
